<?xml version="1.0" encoding="UTF-8"?>
<coverage generated="1571792276829" clover="3.2.0">
  <project timestamp="1571792276829" name="All files">
    <metrics statements="11" coveredstatements="11" conditionals="14" coveredconditionals="14" methods="1" coveredmethods="1" elements="26" coveredelements="26" complexity="0" loc="11" ncloc="11" packages="1" files="1" classes="1"/>
    <file name="date-adder.js" path="/Users/pathaynes/alchemy/career-track/career-code-challenges/challenges/date-adder.js">
      <metrics statements="11" coveredstatements="11" conditionals="14" coveredconditionals="14" methods="1" coveredmethods="1"/>
      <line num="4" count="7" type="stmt"/>
      <line num="5" count="7" type="stmt"/>
      <line num="7" count="7" type="cond" truecount="2" falsecount="0"/>
      <line num="8" count="7" type="cond" truecount="2" falsecount="0"/>
      <line num="9" count="7" type="cond" truecount="2" falsecount="0"/>
      <line num="10" count="7" type="cond" truecount="2" falsecount="0"/>
      <line num="11" count="7" type="cond" truecount="2" falsecount="0"/>
      <line num="12" count="7" type="cond" truecount="2" falsecount="0"/>
      <line num="13" count="7" type="cond" truecount="2" falsecount="0"/>
      <line num="15" count="7" type="stmt"/>
      <line num="19" count="1" type="stmt"/>
    </file>
  </project>
</coverage>
