{"/Users/pathaynes/alchemy/career-track/career-code-challenges/challenges/date-adder.js": {"path":"/Users/pathaynes/alchemy/career-track/career-code-challenges/challenges/date-adder.js","statementMap":{"0":{"start":{"line":4,"column":19},"end":{"line":4,"column":46}},"1":{"start":{"line":5,"column":27},"end":{"line":5,"column":65}},"2":{"start":{"line":7,"column":2},"end":{"line":7,"column":96}},"3":{"start":{"line":7,"column":23},"end":{"line":7,"column":96}},"4":{"start":{"line":8,"column":2},"end":{"line":8,"column":96}},"5":{"start":{"line":8,"column":23},"end":{"line":8,"column":96}},"6":{"start":{"line":9,"column":2},"end":{"line":9,"column":92}},"7":{"start":{"line":9,"column":23},"end":{"line":9,"column":92}},"8":{"start":{"line":10,"column":2},"end":{"line":10,"column":90}},"9":{"start":{"line":10,"column":23},"end":{"line":10,"column":90}},"10":{"start":{"line":11,"column":2},"end":{"line":11,"column":94}},"11":{"start":{"line":11,"column":23},"end":{"line":11,"column":94}},"12":{"start":{"line":12,"column":2},"end":{"line":12,"column":92}},"13":{"start":{"line":12,"column":23},"end":{"line":12,"column":92}},"14":{"start":{"line":13,"column":2},"end":{"line":13,"column":98}},"15":{"start":{"line":13,"column":23},"end":{"line":13,"column":98}},"16":{"start":{"line":15,"column":2},"end":{"line":15,"column":16}},"17":{"start":{"line":19,"column":0},"end":{"line":19,"column":21}}},"fnMap":{"0":{"name":"add","decl":{"start":{"line":1,"column":9},"end":{"line":1,"column":12}},"loc":{"start":{"line":1,"column":25},"end":{"line":16,"column":1}},"line":1}},"branchMap":{"0":{"loc":{"start":{"line":7,"column":2},"end":{"line":7,"column":96}},"type":"if","locations":[{"start":{"line":7,"column":2},"end":{"line":7,"column":96}},{"start":{"line":7,"column":2},"end":{"line":7,"column":96}}],"line":7},"1":{"loc":{"start":{"line":8,"column":2},"end":{"line":8,"column":96}},"type":"if","locations":[{"start":{"line":8,"column":2},"end":{"line":8,"column":96}},{"start":{"line":8,"column":2},"end":{"line":8,"column":96}}],"line":8},"2":{"loc":{"start":{"line":9,"column":2},"end":{"line":9,"column":92}},"type":"if","locations":[{"start":{"line":9,"column":2},"end":{"line":9,"column":92}},{"start":{"line":9,"column":2},"end":{"line":9,"column":92}}],"line":9},"3":{"loc":{"start":{"line":10,"column":2},"end":{"line":10,"column":90}},"type":"if","locations":[{"start":{"line":10,"column":2},"end":{"line":10,"column":90}},{"start":{"line":10,"column":2},"end":{"line":10,"column":90}}],"line":10},"4":{"loc":{"start":{"line":11,"column":2},"end":{"line":11,"column":94}},"type":"if","locations":[{"start":{"line":11,"column":2},"end":{"line":11,"column":94}},{"start":{"line":11,"column":2},"end":{"line":11,"column":94}}],"line":11},"5":{"loc":{"start":{"line":12,"column":2},"end":{"line":12,"column":92}},"type":"if","locations":[{"start":{"line":12,"column":2},"end":{"line":12,"column":92}},{"start":{"line":12,"column":2},"end":{"line":12,"column":92}}],"line":12},"6":{"loc":{"start":{"line":13,"column":2},"end":{"line":13,"column":98}},"type":"if","locations":[{"start":{"line":13,"column":2},"end":{"line":13,"column":98}},{"start":{"line":13,"column":2},"end":{"line":13,"column":98}}],"line":13}},"s":{"0":2,"1":2,"2":2,"3":1,"4":2,"5":1,"6":2,"7":0,"8":2,"9":0,"10":2,"11":0,"12":2,"13":1,"14":2,"15":0,"16":2,"17":1},"f":{"0":2},"b":{"0":[1,1],"1":[1,1],"2":[0,2],"3":[0,2],"4":[0,2],"5":[1,1],"6":[0,2]},"_coverageSchema":"43e27e138ebf9cfc5966b082cf9a028302ed4184","hash":"99943c0189cf0c1838bb9960a690c5ca4709840a"}
}
